<?xml version="1.0" encoding="UTF-8"?>
<!-- Generated by org.testng.reporters.JUnitXMLReporter -->
<testsuite ignored="0" hostname="P-A-R-T-H-P-A-T-E-L" failures="0" tests="6" name="Test" time="64.049" errors="0" timestamp="2025-01-31T11:02:35 IST">
  <testcase classname="com.testcases.RegisterAccountTest" name="Registration" time="8.868"/>
  <testcase classname="com.testcases.RegisterAccountTest" name="Verify_DuplicateEmailaddress" time="8.768"/>
  <testcase classname="com.testcases.LoginpageTest" name="Verify_login_functionality" time="4.692"/>
  <testcase classname="com.testcases.AddtocartTest" name="verify_addtocart_product1" time="8.096"/>
  <testcase classname="com.testcases.AddtocartTest" name="verify_addtocart_product2" time="7.557"/>
  <testcase classname="com.testcases.CheckoutprocessTest" name="verify_CheckoutProcess" time="15.353"/>
</testsuite> <!-- Test -->
