<?xml version="1.0" encoding="UTF-8"?>
<!-- Generated by org.testng.reporters.JUnitXMLReporter -->
<testsuite ignored="0" hostname="P-A-R-T-H-P-A-T-E-L" failures="0" tests="6" name="Command line test" time="59.086" errors="0" timestamp="2025-02-03T12:46:31 IST">
  <testcase classname="com.testcases.AddtocartTest" name="verify_addtocart_product1" time="7.945"/>
  <testcase classname="com.testcases.AddtocartTest" name="verify_addtocart_product2" time="7.377"/>
  <testcase classname="com.testcases.CheckoutprocessTest" name="verify_CheckoutProcess" time="14.695"/>
  <testcase classname="com.testcases.LoginpageTest" name="Verify_login_functionality" time="4.089"/>
  <testcase classname="com.testcases.RegisterAccountTest" name="Verify_Registration" time="7.202"/>
  <testcase classname="com.testcases.RegisterAccountTest" name="Verify_DuplicateEmailaddress" time="7.166"/>
</testsuite> <!-- Command line test -->
