<?xml version="1.0" encoding="UTF-8"?>
<testng-results ignored="0" total="6" passed="6" failed="0" skipped="0">
  <reporter-output>
  </reporter-output>
  <suite started-at="2025-02-03T12:45:32 IST" name="Command line suite" finished-at="2025-02-03T12:46:31 IST" duration-ms="59086">
    <groups>
    </groups>
    <test started-at="2025-02-03T12:45:32 IST" name="Command line test" finished-at="2025-02-03T12:46:31 IST" duration-ms="59086">
      <class name="com.testcases.CheckoutprocessTest">
        <test-method is-config="true" signature="setup()[pri:0, instance:com.testcases.CheckoutprocessTest@1e802ef9]" started-at="2025-02-03T12:45:51 IST" name="setup" finished-at="2025-02-03T12:45:53 IST" duration-ms="1944" status="PASS">
          <reporter-output>
          </reporter-output>
        </test-method> <!-- setup -->
        <test-method signature="verify_CheckoutProcess()[pri:0, instance:com.testcases.CheckoutprocessTest@1e802ef9]" started-at="2025-02-03T12:45:53 IST" name="verify_CheckoutProcess" finished-at="2025-02-03T12:46:08 IST" duration-ms="14695" status="PASS">
          <reporter-output>
          </reporter-output>
        </test-method> <!-- verify_CheckoutProcess -->
        <test-method is-config="true" signature="browserclose()[pri:0, instance:com.testcases.CheckoutprocessTest@1e802ef9]" started-at="2025-02-03T12:46:08 IST" name="browserclose" finished-at="2025-02-03T12:46:08 IST" duration-ms="237" status="PASS">
          <reporter-output>
          </reporter-output>
        </test-method> <!-- browserclose -->
      </class> <!-- com.testcases.CheckoutprocessTest -->
      <class name="com.testcases.LoginpageTest">
        <test-method is-config="true" signature="setup()[pri:0, instance:com.testcases.LoginpageTest@2b6faea6]" started-at="2025-02-03T12:46:08 IST" name="setup" finished-at="2025-02-03T12:46:10 IST" duration-ms="1762" status="PASS">
          <reporter-output>
          </reporter-output>
        </test-method> <!-- setup -->
        <test-method signature="Verify_login_functionality()[pri:1, instance:com.testcases.LoginpageTest@2b6faea6]" started-at="2025-02-03T12:46:10 IST" name="Verify_login_functionality" finished-at="2025-02-03T12:46:14 IST" duration-ms="4089" status="PASS">
          <reporter-output>
          </reporter-output>
        </test-method> <!-- Verify_login_functionality -->
        <test-method is-config="true" signature="browserclose()[pri:0, instance:com.testcases.LoginpageTest@2b6faea6]" started-at="2025-02-03T12:46:14 IST" name="browserclose" finished-at="2025-02-03T12:46:14 IST" duration-ms="0" status="PASS">
          <reporter-output>
          </reporter-output>
        </test-method> <!-- browserclose -->
      </class> <!-- com.testcases.LoginpageTest -->
      <class name="com.testcases.RegisterAccountTest">
        <test-method is-config="true" signature="setup()[pri:0, instance:com.testcases.RegisterAccountTest@778d1062]" started-at="2025-02-03T12:46:14 IST" name="setup" finished-at="2025-02-03T12:46:16 IST" duration-ms="2140" status="PASS">
          <reporter-output>
          </reporter-output>
        </test-method> <!-- setup -->
        <test-method signature="Verify_Registration()[pri:1, instance:com.testcases.RegisterAccountTest@778d1062]" started-at="2025-02-03T12:46:16 IST" name="Verify_Registration" finished-at="2025-02-03T12:46:23 IST" duration-ms="7202" status="PASS">
          <reporter-output>
          </reporter-output>
        </test-method> <!-- Verify_Registration -->
        <test-method signature="Verify_DuplicateEmailaddress()[pri:2, instance:com.testcases.RegisterAccountTest@778d1062]" started-at="2025-02-03T12:46:23 IST" name="Verify_DuplicateEmailaddress" finished-at="2025-02-03T12:46:30 IST" duration-ms="7166" status="PASS">
          <reporter-output>
          </reporter-output>
        </test-method> <!-- Verify_DuplicateEmailaddress -->
        <test-method is-config="true" signature="browserclose()[pri:0, instance:com.testcases.RegisterAccountTest@778d1062]" started-at="2025-02-03T12:46:30 IST" name="browserclose" finished-at="2025-02-03T12:46:31 IST" duration-ms="219" status="PASS">
          <reporter-output>
          </reporter-output>
        </test-method> <!-- browserclose -->
      </class> <!-- com.testcases.RegisterAccountTest -->
      <class name="com.testcases.AddtocartTest">
        <test-method is-config="true" signature="setup()[pri:0, instance:com.testcases.AddtocartTest@7f010382]" started-at="2025-02-03T12:45:32 IST" name="setup" finished-at="2025-02-03T12:45:36 IST" duration-ms="4076" status="PASS">
          <reporter-output>
          </reporter-output>
        </test-method> <!-- setup -->
        <test-method signature="verify_addtocart_product1()[pri:1, instance:com.testcases.AddtocartTest@7f010382]" started-at="2025-02-03T12:45:36 IST" name="verify_addtocart_product1" finished-at="2025-02-03T12:45:44 IST" duration-ms="7945" status="PASS">
          <reporter-output>
          </reporter-output>
        </test-method> <!-- verify_addtocart_product1 -->
        <test-method signature="verify_addtocart_product2()[pri:2, instance:com.testcases.AddtocartTest@7f010382]" started-at="2025-02-03T12:45:44 IST" name="verify_addtocart_product2" finished-at="2025-02-03T12:45:51 IST" duration-ms="7377" status="PASS">
          <reporter-output>
          </reporter-output>
        </test-method> <!-- verify_addtocart_product2 -->
        <test-method is-config="true" signature="browserclose()[pri:0, instance:com.testcases.AddtocartTest@7f010382]" started-at="2025-02-03T12:45:51 IST" name="browserclose" finished-at="2025-02-03T12:45:51 IST" duration-ms="187" status="PASS">
          <reporter-output>
          </reporter-output>
        </test-method> <!-- browserclose -->
      </class> <!-- com.testcases.AddtocartTest -->
    </test> <!-- Command line test -->
  </suite> <!-- Command line suite -->
</testng-results>
