<?xml version="1.0" encoding="UTF-8" ?>
<testsuite tests="6" failures="0" name="TestSuite" time="48.474" errors="0" skipped="0">
  <properties>
[...]
</properties>
  <testcase classname="com.testcases.AddtocartTest" name="verify_addtocart_product1" time="7.945"/>
  <testcase classname="com.testcases.AddtocartTest" name="verify_addtocart_product2" time="7.377"/>
  <testcase classname="com.testcases.CheckoutprocessTest" name="verify_CheckoutProcess" time="14.695"/>
  <testcase classname="com.testcases.LoginpageTest" name="Verify_login_functionality" time="4.089"/>
  <testcase classname="com.testcases.RegisterAccountTest" name="Verify_Registration" time="7.202"/>
  <testcase classname="com.testcases.RegisterAccountTest" name="Verify_DuplicateEmailaddress" time="7.166"/>
</testsuite>