<?xml version="1.0" encoding="UTF-8"?>
<testng-results ignored="0" total="3" passed="3" failed="0" skipped="0">
  <reporter-output>
  </reporter-output>
  <suite started-at="2025-02-03T14:49:42 IST" name="Default suite" finished-at="2025-02-03T14:50:26 IST" duration-ms="43815">
    <groups>
    </groups>
    <test started-at="2025-02-03T14:49:42 IST" name="Default test" finished-at="2025-02-03T14:50:26 IST" duration-ms="43815">
      <class name="com.testcases.AddtocartTest">
        <test-method is-config="true" signature="setup()[pri:0, instance:com.testcases.AddtocartTest@24313fcc]" started-at="2025-02-03T14:49:42 IST" name="setup" finished-at="2025-02-03T14:49:45 IST" duration-ms="3327" status="PASS">
          <reporter-output>
          </reporter-output>
        </test-method> <!-- setup -->
        <test-method signature="verify_addtocart_product1()[pri:1, instance:com.testcases.AddtocartTest@24313fcc]" started-at="2025-02-03T14:49:45 IST" name="verify_addtocart_product1" finished-at="2025-02-03T14:49:53 IST" duration-ms="8052" status="PASS">
          <reporter-output>
          </reporter-output>
        </test-method> <!-- verify_addtocart_product1 -->
        <test-method signature="verify_addtocart_product2()[pri:2, instance:com.testcases.AddtocartTest@24313fcc]" started-at="2025-02-03T14:49:53 IST" name="verify_addtocart_product2" finished-at="2025-02-03T14:50:02 IST" duration-ms="8426" status="PASS">
          <reporter-output>
          </reporter-output>
        </test-method> <!-- verify_addtocart_product2 -->
        <test-method signature="verify_addtocart_product4()[pri:3, instance:com.testcases.AddtocartTest@24313fcc]" started-at="2025-02-03T14:50:02 IST" name="verify_addtocart_product4" finished-at="2025-02-03T14:50:25 IST" duration-ms="23615" status="PASS">
          <reporter-output>
          </reporter-output>
        </test-method> <!-- verify_addtocart_product4 -->
        <test-method is-config="true" signature="browserclose()[pri:0, instance:com.testcases.AddtocartTest@24313fcc]" started-at="2025-02-03T14:50:25 IST" name="browserclose" finished-at="2025-02-03T14:50:26 IST" duration-ms="353" status="PASS">
          <reporter-output>
          </reporter-output>
        </test-method> <!-- browserclose -->
      </class> <!-- com.testcases.AddtocartTest -->
    </test> <!-- Default test -->
  </suite> <!-- Default suite -->
</testng-results>
