<?xml version="1.0" encoding="UTF-8"?>
<testng-results ignored="0" total="6" passed="6" failed="0" skipped="0">
  <reporter-output>
  </reporter-output>
  <suite started-at="2025-01-31T11:01:31 IST" name="Suite" finished-at="2025-01-31T11:02:35 IST" duration-ms="64049">
    <groups>
    </groups>
    <test started-at="2025-01-31T11:01:31 IST" name="Test" finished-at="2025-01-31T11:02:35 IST" duration-ms="64049">
      <class name="com.testcases.CheckoutprocessTest">
        <test-method is-config="true" signature="setup()[pri:0, instance:com.testcases.CheckoutprocessTest@394df057]" started-at="2025-01-31T11:02:18 IST" name="setup" finished-at="2025-01-31T11:02:19 IST" duration-ms="1278" status="PASS">
          <reporter-output>
          </reporter-output>
        </test-method> <!-- setup -->
        <test-method signature="verify_CheckoutProcess()[pri:0, instance:com.testcases.CheckoutprocessTest@394df057]" started-at="2025-01-31T11:02:19 IST" name="verify_CheckoutProcess" finished-at="2025-01-31T11:02:35 IST" duration-ms="15353" status="PASS">
          <reporter-output>
          </reporter-output>
        </test-method> <!-- verify_CheckoutProcess -->
        <test-method is-config="true" signature="browserclose()[pri:0, instance:com.testcases.CheckoutprocessTest@394df057]" started-at="2025-01-31T11:02:35 IST" name="browserclose" finished-at="2025-01-31T11:02:35 IST" duration-ms="389" status="PASS">
          <reporter-output>
          </reporter-output>
        </test-method> <!-- browserclose -->
      </class> <!-- com.testcases.CheckoutprocessTest -->
      <class name="com.testcases.LoginpageTest">
        <test-method is-config="true" signature="setup()[pri:0, instance:com.testcases.LoginpageTest@58a9760d]" started-at="2025-01-31T11:01:53 IST" name="setup" finished-at="2025-01-31T11:01:55 IST" duration-ms="2050" status="PASS">
          <reporter-output>
          </reporter-output>
        </test-method> <!-- setup -->
        <test-method signature="Verify_login_functionality()[pri:1, instance:com.testcases.LoginpageTest@58a9760d]" started-at="2025-01-31T11:01:55 IST" name="Verify_login_functionality" finished-at="2025-01-31T11:02:00 IST" duration-ms="4692" status="PASS">
          <reporter-output>
          </reporter-output>
        </test-method> <!-- Verify_login_functionality -->
        <test-method is-config="true" signature="browserclose()[pri:0, instance:com.testcases.LoginpageTest@58a9760d]" started-at="2025-01-31T11:02:00 IST" name="browserclose" finished-at="2025-01-31T11:02:00 IST" duration-ms="1" status="PASS">
          <reporter-output>
          </reporter-output>
        </test-method> <!-- browserclose -->
      </class> <!-- com.testcases.LoginpageTest -->
      <class name="com.testcases.RegisterAccountTest">
        <test-method is-config="true" signature="setup()[pri:0, instance:com.testcases.RegisterAccountTest@7d8704ef]" started-at="2025-01-31T11:01:31 IST" name="setup" finished-at="2025-01-31T11:01:35 IST" duration-ms="4212" status="PASS">
          <reporter-output>
          </reporter-output>
        </test-method> <!-- setup -->
        <test-method signature="Registration()[pri:1, instance:com.testcases.RegisterAccountTest@7d8704ef]" started-at="2025-01-31T11:01:35 IST" name="Registration" finished-at="2025-01-31T11:01:44 IST" duration-ms="8868" status="PASS">
          <reporter-output>
          </reporter-output>
        </test-method> <!-- Registration -->
        <test-method signature="Verify_DuplicateEmailaddress()[pri:2, instance:com.testcases.RegisterAccountTest@7d8704ef]" started-at="2025-01-31T11:01:44 IST" name="Verify_DuplicateEmailaddress" finished-at="2025-01-31T11:01:53 IST" duration-ms="8768" status="PASS">
          <reporter-output>
          </reporter-output>
        </test-method> <!-- Verify_DuplicateEmailaddress -->
        <test-method is-config="true" signature="browserclose()[pri:0, instance:com.testcases.RegisterAccountTest@7d8704ef]" started-at="2025-01-31T11:01:53 IST" name="browserclose" finished-at="2025-01-31T11:01:53 IST" duration-ms="493" status="PASS">
          <reporter-output>
          </reporter-output>
        </test-method> <!-- browserclose -->
      </class> <!-- com.testcases.RegisterAccountTest -->
      <class name="com.testcases.AddtocartTest">
        <test-method is-config="true" signature="setup()[pri:0, instance:com.testcases.AddtocartTest@71e9ddb4]" started-at="2025-01-31T11:02:00 IST" name="setup" finished-at="2025-01-31T11:02:02 IST" duration-ms="1746" status="PASS">
          <reporter-output>
          </reporter-output>
        </test-method> <!-- setup -->
        <test-method signature="verify_addtocart_product1()[pri:1, instance:com.testcases.AddtocartTest@71e9ddb4]" started-at="2025-01-31T11:02:02 IST" name="verify_addtocart_product1" finished-at="2025-01-31T11:02:10 IST" duration-ms="8096" status="PASS">
          <reporter-output>
          </reporter-output>
        </test-method> <!-- verify_addtocart_product1 -->
        <test-method signature="verify_addtocart_product2()[pri:2, instance:com.testcases.AddtocartTest@71e9ddb4]" started-at="2025-01-31T11:02:10 IST" name="verify_addtocart_product2" finished-at="2025-01-31T11:02:18 IST" duration-ms="7557" status="PASS">
          <reporter-output>
          </reporter-output>
        </test-method> <!-- verify_addtocart_product2 -->
        <test-method is-config="true" signature="browserclose()[pri:0, instance:com.testcases.AddtocartTest@71e9ddb4]" started-at="2025-01-31T11:02:18 IST" name="browserclose" finished-at="2025-01-31T11:02:18 IST" duration-ms="446" status="PASS">
          <reporter-output>
          </reporter-output>
        </test-method> <!-- browserclose -->
      </class> <!-- com.testcases.AddtocartTest -->
    </test> <!-- Test -->
  </suite> <!-- Suite -->
</testng-results>
